data file /data1/daibo/gogny/nushell/aaa/bin/share/NuShellX/toi/mass-data/aud03.dat   
file for binding energies aud03.dat       
ia,iz,Emax (default Emax = 6 MeV)

   6HE    Energy T   J          BE =     29.268 ( 0.001) MeV

data file /data1/daibo/gogny/nushell/aaa/bin/share/NuShellX/toi/toi-data/ensdf.006                                                                
-----------------------------------------------------------------------
  6HE   1|  0.000 1   0+  |                 |
S-alpha=   0.000 ( 0.000) ---------------------------------------------
S-p    =   0.000 ( 0.000) ---------------------------------------------
S-2p   =   0.000 ( 0.000) ---------------------------------------------
S-2n   =   0.972 ( 0.001) ---------------------------------------------
  6HE   2|  1.797 1   2+  |                 |
S-n    =   1.862 ( 0.050) ---------------------------------------------
  6HE   3|                |                 |   5.600 1   (2+, 1-, 0+)    


S-p    =   0.000 ( 0.000) ---------------------------------------------
S-n    =   1.862 ( 0.050) ---------------------------------------------
S-2p   =   0.000 ( 0.000) ---------------------------------------------
S-2n   =   0.972 ( 0.001) ---------------------------------------------
S-alpha=   0.000 ( 0.000) ---------------------------------------------

S+p       =  -9.976 ( 0.001)
S+n       =   0.435 ( 0.017)
S+2p      = -27.231 ( 0.001)
S+2n      =  -2.140 ( 0.007)
S+alpha   =  -7.413 ( 0.001)

gap p     =   0.000 ( 0.000)
gap n     =   2.297 ( 0.053)
gap 2p    =   0.000 ( 0.000)
gap 2n    =  -1.167 ( 0.007)
gap alpha =   0.000 ( 0.000)

Output is in toi.dat; delta BE =   29.268
ia,iz,Emax (default Emax = 6 MeV)
